This is pdfTeX, Version 3.14159265-2.6-1.40.15 (TeX Live 2014/W32TeX) (preloaded format=pdflatex 2014.9.24)  7 OCT 2014 00:38
entering extended mode
 restricted \write18 enabled.
 %&-line parsing enabled.
**Spec.tex
(./Spec.tex
LaTeX2e <2014/05/01>
Babel <3.9k> and hyphenation patterns for 2 languages loaded.
(d:/Program Files/texlive/2014/texmf-dist/tex/latex/base/report.cls
Document Class: report 2007/10/19 v1.4h Standard LaTeX document class
(d:/Program Files/texlive/2014/texmf-dist/tex/latex/base/size10.clo
File: size10.clo 2007/10/19 v1.4h Standard LaTeX file (size option)
)
\c@part=\count79
\c@chapter=\count80
\c@section=\count81
\c@subsection=\count82
\c@subsubsection=\count83
\c@paragraph=\count84
\c@subparagraph=\count85
\c@figure=\count86
\c@table=\count87
\abovecaptionskip=\skip41
\belowcaptionskip=\skip42
\bibindent=\dimen102
)
(./Spec.aux)
\openout1 = `Spec.aux'.

LaTeX Font Info:    Checking defaults for OML/cmm/m/it on input line 3.
LaTeX Font Info:    ... okay on input line 3.
LaTeX Font Info:    Checking defaults for T1/cmr/m/n on input line 3.
LaTeX Font Info:    ... okay on input line 3.
LaTeX Font Info:    Checking defaults for OT1/cmr/m/n on input line 3.
LaTeX Font Info:    ... okay on input line 3.
LaTeX Font Info:    Checking defaults for OMS/cmsy/m/n on input line 3.
LaTeX Font Info:    ... okay on input line 3.
LaTeX Font Info:    Checking defaults for OMX/cmex/m/n on input line 3.
LaTeX Font Info:    ... okay on input line 3.
LaTeX Font Info:    Checking defaults for U/cmr/m/n on input line 3.
LaTeX Font Info:    ... okay on input line 3.
LaTeX Font Info:    External font `cmex10' loaded for size
(Font)              <12> on input line 7.
LaTeX Font Info:    External font `cmex10' loaded for size
(Font)              <8> on input line 7.
LaTeX Font Info:    External font `cmex10' loaded for size
(Font)              <6> on input line 7.
 [1

{d:/Program Files/texlive/2014/texmf-var/fonts/map/pdftex/updmap/pdftex.map}] [
1] [2]
LaTeX Font Info:    External font `cmex10' loaded for size
(Font)              <7> on input line 45.
LaTeX Font Info:    External font `cmex10' loaded for size
(Font)              <5> on input line 45.
 [3] [4] [5] (./Spec.aux) ) 
Here is how much of TeX's memory you used:
 247 strings out of 495025
 2673 string characters out of 6180827
 54261 words of memory out of 5000000
 3537 multiletter control sequences out of 15000+600000
 7587 words of font info for 27 fonts, out of 8000000 for 9000
 14 hyphenation exceptions out of 8191
 23i,6n,17p,774b,179s stack positions out of 5000i,500n,10000p,200000b,80000s
<d:/Program Files/texlive/2014/texmf-dist/fonts/type
1/public/amsfonts/cm/cmbx12.pfb><d:/Program Files/texlive/2014/texmf-dist/fonts
/type1/public/amsfonts/cm/cmr10.pfb><d:/Program Files/texlive/2014/texmf-dist/f
onts/type1/public/amsfonts/cm/cmr12.pfb><d:/Program Files/texlive/2014/texmf-di
st/fonts/type1/public/amsfonts/cm/cmr17.pfb>
Output written on Spec.pdf (6 pages, 68724 bytes).
PDF statistics:
 39 PDF objects out of 1000 (max. 8388607)
 26 compressed objects within 1 object stream
 0 named destinations out of 1000 (max. 500000)
 1 words of extra memory for PDF output out of 10000 (max. 10000000)

