This is XeTeX, Version 3.14159265-2.6-0.99991 (TeX Live 2014/W32TeX) (preloaded format=xelatex 2014.9.24)  13 NOV 2014 14:35
entering extended mode
 restricted \write18 enabled.
 %&-line parsing enabled.
**progress-report.tex
(./progress-report.tex
LaTeX2e <2014/05/01>
Babel <3.9k> and hyphenation patterns for 2 languages loaded.
(d:/Program Files/texlive/2014/texmf-dist/tex/latex/base/report.cls
Document Class: report 2007/10/19 v1.4h Standard LaTeX document class
(d:/Program Files/texlive/2014/texmf-dist/tex/latex/base/size10.clo
File: size10.clo 2007/10/19 v1.4h Standard LaTeX file (size option)
)
\c@part=\count80
\c@chapter=\count81
\c@section=\count82
\c@subsection=\count83
\c@subsubsection=\count84
\c@paragraph=\count85
\c@subparagraph=\count86
\c@figure=\count87
\c@table=\count88
\abovecaptionskip=\skip41
\belowcaptionskip=\skip42
\bibindent=\dimen102
)
(d:/Program Files/texlive/2014/texmf-dist/tex/latex/graphics/graphicx.sty
Package: graphicx 2014/04/25 v1.0g Enhanced LaTeX Graphics (DPC,SPQR)

(d:/Program Files/texlive/2014/texmf-dist/tex/latex/graphics/keyval.sty
Package: keyval 2014/05/08 v1.15 key=value parser (DPC)
\KV@toks@=\toks14
)
(d:/Program Files/texlive/2014/texmf-dist/tex/latex/graphics/graphics.sty
Package: graphics 2009/02/05 v1.0o Standard LaTeX Graphics (DPC,SPQR)

(d:/Program Files/texlive/2014/texmf-dist/tex/latex/graphics/trig.sty
Package: trig 1999/03/16 v1.09 sin cos tan (DPC)
)
(d:/Program Files/texlive/2014/texmf-dist/tex/latex/latexconfig/graphics.cfg
File: graphics.cfg 2010/04/23 v1.9 graphics configuration of TeX Live
)
Package graphics Info: Driver file: xetex.def on input line 91.

(d:/Program Files/texlive/2014/texmf-dist/tex/xelatex/xetex-def/xetex.def
File: xetex.def 2014/07/25 v4.03 LaTeX color/graphics driver for XeTeX (RRM/JK)

))
\Gin@req@height=\dimen103
\Gin@req@width=\dimen104
)
(./progress-report.aux)
\openout1 = `progress-report.aux'.

LaTeX Font Info:    Checking defaults for OML/cmm/m/it on input line 6.
LaTeX Font Info:    ... okay on input line 6.
LaTeX Font Info:    Checking defaults for T1/cmr/m/n on input line 6.
LaTeX Font Info:    ... okay on input line 6.
LaTeX Font Info:    Checking defaults for OT1/cmr/m/n on input line 6.
LaTeX Font Info:    ... okay on input line 6.
LaTeX Font Info:    Checking defaults for OMS/cmsy/m/n on input line 6.
LaTeX Font Info:    ... okay on input line 6.
LaTeX Font Info:    Checking defaults for OMX/cmex/m/n on input line 6.
LaTeX Font Info:    ... okay on input line 6.
LaTeX Font Info:    Checking defaults for U/cmr/m/n on input line 6.
LaTeX Font Info:    ... okay on input line 6.
LaTeX Font Info:    External font `cmex10' loaded for size
(Font)              <12> on input line 7.
LaTeX Font Info:    External font `cmex10' loaded for size
(Font)              <8> on input line 7.
LaTeX Font Info:    External font `cmex10' loaded for size
(Font)              <6> on input line 7.
 [1

]
File: ../img/usage-graph.png Graphic file (type QTm)
 <use  "../img/usage-graph.png" >
Overfull \hbox (5.10582pt too wide) in paragraph at lines 16--17
[][] 
 []

[1]
File: ../img/database.png Graphic file (type QTm)
 <use  "../img/database.png" > (../spec/Spec-include.tex [2] [3] [4]
[5]
LaTeX Font Info:    External font `cmex10' loaded for size
(Font)              <7> on input line 37.
LaTeX Font Info:    External font `cmex10' loaded for size
(Font)              <5> on input line 37.
 [6] [7])
Overfull \hbox (13.5562pt too wide) in paragraph at lines 45--71
[] 
 []


Overfull \hbox (245.56958pt too wide) in paragraph at lines 72--74
\OT1/cmr/m/it/10 2009 - 2014\OT1/cmr/m/n/10 . [im-age on-line] Avail-able at: $
\OMS/cmsy/m/n/10 h$\OT1/cmr/m/n/10 http://www.google.com/trends/explore#q=gamif
ication&date=1%2F2009%2072m&cmpt=q$\OMS/cmsy/m/n/10 i$
 []


Underfull \hbox (badness 10000) in paragraph at lines 72--74

 []


Overfull \hbox (170.55074pt too wide) in paragraph at lines 75--77
\OT1/cmr/m/n/10 Iversity, 2014. \OT1/cmr/m/it/10 Gam-i-fi-ca-tion De-sign On-li
ne Course\OT1/cmr/m/n/10 . [on-line] Avail-able at: $\OMS/cmsy/m/n/10 h$\OT1/cm
r/m/n/10 https://iversity.org/en/courses/gamification-
 []


Underfull \hbox (badness 10000) in paragraph at lines 75--77

 []


Overfull \hbox (86.1582pt too wide) in paragraph at lines 78--80
\OT1/cmr/m/it/10 ment\OT1/cmr/m/n/10 . [on-line] Avail-able at: $\OMS/cmsy/m/n/
10 h$\OT1/cmr/m/n/10 http://scottnicholson.com/pubs/gamificationtechniquesclass
room.pdf$\OMS/cmsy/m/n/10 i$
 []


Underfull \hbox (badness 10000) in paragraph at lines 78--80

 []

[8]
Overfull \hbox (101.80663pt too wide) in paragraph at lines 81--82
\OMS/cmsy/m/n/10 h$\OT1/cmr/m/n/10 http://0-www.palgraveconnect.com.pugwash.lib
.warwick.ac.uk/pc/doifinder/10.1057/9781137331465$\OMS/cmsy/m/n/10 i$
 []

[9] (./progress-report.aux) ) 
Here is how much of TeX's memory you used:
 623 strings out of 495656
 7689 string characters out of 6187192
 59806 words of memory out of 5000000
 3866 multiletter control sequences out of 15000+600000
 8241 words of font info for 29 fonts, out of 8000000 for 9000
 14 hyphenation exceptions out of 8191
 25i,6n,19p,894b,206s stack positions out of 5000i,500n,10000p,200000b,80000s

Output written on progress-report.pdf (10 pages).
