\BOOKMARK [1][-]{section.1}{Keirsey\040Temperament\040Sorter\040II}{}% 1
\BOOKMARK [2][-]{subsection.1.1}{When\040the\040phone\040rings\040do\040you}{section.1}% 2
\BOOKMARK [2][-]{subsection.1.2}{Are\040you\040more}{section.1}% 3
\BOOKMARK [2][-]{subsection.1.3}{Is\040it\040worse\040to}{section.1}% 4
\BOOKMARK [2][-]{subsection.1.4}{With\040people\040are\040you\040usually\040more}{section.1}% 5
\BOOKMARK [2][-]{subsection.1.5}{Are\040you\040more\040confortable\040making}{section.1}% 6
\BOOKMARK [2][-]{subsection.1.6}{Is\040clutter\040in\040the\040workplace\040something\040you}{section.1}% 7
\BOOKMARK [2][-]{subsection.1.7}{Is\040it\040your\040way\040to}{section.1}% 8
\BOOKMARK [2][-]{subsection.1.8}{Waiting\040in\040line,\040do\040you\040often}{section.1}% 9
\BOOKMARK [2][-]{subsection.1.9}{Are\040you\040more}{section.1}% 10
\BOOKMARK [2][-]{subsection.1.10}{Are\040you\040more\040interested\040in}{section.1}% 11
\BOOKMARK [2][-]{subsection.1.11}{In\040making\040your\040mind\040are\040you\040more\040likely\040to\040go\040by}{section.1}% 12
\BOOKMARK [2][-]{subsection.1.12}{In\040sizing\040up\040others\040do\040you\040tend\040to\040be}{section.1}% 13
\BOOKMARK [2][-]{subsection.1.13}{Do\040you\040prefer\040contracts\040to\040be}{section.1}% 14
\BOOKMARK [2][-]{subsection.1.14}{Are\040you\040more\040satisfied\040having}{section.1}% 15
\BOOKMARK [2][-]{subsection.1.15}{At\040a\040party,\040do\040you}{section.1}% 16
\BOOKMARK [2][-]{subsection.1.16}{Do\040you\040tend\040to\040be\040more}{section.1}% 17
\BOOKMARK [2][-]{subsection.1.17}{Do\040you\040like\040writers\040who}{section.1}% 18
\BOOKMARK [2][-]{subsection.1.18}{Which\040appeals\040to\040you\040more}{section.1}% 19
\BOOKMARK [2][-]{subsection.1.19}{If\040you\040must\040disappoint\040someone\040are\040you\040usually}{section.1}% 20
\BOOKMARK [2][-]{subsection.1.20}{On\040the\040job\040do\040you\040want\040your\040activities}{section.1}% 21
\BOOKMARK [2][-]{subsection.1.21}{Do\040you\040often\040prefer}{section.1}% 22
\BOOKMARK [2][-]{subsection.1.22}{Does\040interacting\040with\040strangers}{section.1}% 23
\BOOKMARK [2][-]{subsection.1.23}{Facts}{section.1}% 24
\BOOKMARK [2][-]{subsection.1.24}{Do\040you\040find\040visionaries\040and\040theorists}{section.1}% 25
\BOOKMARK [2][-]{subsection.1.25}{In\040a\040heated\040discussion\040do\040you}{section.1}% 26
\BOOKMARK [2][-]{subsection.1.26}{Is\040it\040better\040to\040be}{section.1}% 27
\BOOKMARK [2][-]{subsection.1.27}{At\040work,\040is\040it\040natural\040for\040you\040to}{section.1}% 28
\BOOKMARK [2][-]{subsection.1.28}{Are\040you\040more\040confortable}{section.1}% 29
\BOOKMARK [2][-]{subsection.1.29}{Do\040you\040tend\040to}{section.1}% 30
\BOOKMARK [2][-]{subsection.1.30}{Common\040sense\040is}{section.1}% 31
\BOOKMARK [2][-]{subsection.1.31}{Children\040often\040do\040not}{section.1}% 32
\BOOKMARK [2][-]{subsection.1.32}{When\040you\040are\040in\040charge\040of\040others\040do\040you\040tend\040to\040be}{section.1}% 33
\BOOKMARK [2][-]{subsection.1.33}{Are\040you\040more\040often}{section.1}% 34
\BOOKMARK [2][-]{subsection.1.34}{Are\040you\040prone\040to}{section.1}% 35
\BOOKMARK [2][-]{subsection.1.35}{In\040most\040situations\040are\040you\040more}{section.1}% 36
\BOOKMARK [2][-]{subsection.1.36}{Do\040you\040think\040of\040yourself\040as}{section.1}% 37
\BOOKMARK [2][-]{subsection.1.37}{Are\040you\040more\040frequently}{section.1}% 38
\BOOKMARK [2][-]{subsection.1.38}{Do\040you\040speak\040more\040in}{section.1}% 39
\BOOKMARK [2][-]{subsection.1.39}{Which\040is\040more\040of\040a\040compliment:}{section.1}% 40
\BOOKMARK [2][-]{subsection.1.40}{Which\040rules\040you\040more}{section.1}% 41
\BOOKMARK [2][-]{subsection.1.41}{When\040finishing\040a\040job,\040do\040you\040like\040to}{section.1}% 42
\BOOKMARK [2][-]{subsection.1.42}{Do\040you\040prefer\040to\040work}{section.1}% 43
\BOOKMARK [2][-]{subsection.1.43}{Are\040you\040the\040kind\040of\040person\040who}{section.1}% 44
\BOOKMARK [2][-]{subsection.1.44}{Are\040you\040inclined\040to\040take\040what\040is\040said}{section.1}% 45
\BOOKMARK [2][-]{subsection.1.45}{Do\040you\040more\040often\040see}{section.1}% 46
\BOOKMARK [2][-]{subsection.1.46}{Is\040it\040worse\040to\040be}{section.1}% 47
