This is XeTeX, Version 3.14159265-2.6-0.99991 (TeX Live 2014/W32TeX) (preloaded format=xelatex 2014.9.24)  5 FEB 2015 13:43
entering extended mode
 restricted \write18 enabled.
 %&-line parsing enabled.
**document.tex
(./document.tex
LaTeX2e <2014/05/01>
Babel <3.9k> and hyphenation patterns for 2 languages loaded.
(./sdaps.cls
Document Class: sdaps 2013/03/10v1.0 Class for composing questionairs for SDAPS

(d:/Program Files/texlive/2014/texmf-dist/tex/latex/koma-script/scrkbase.sty
Package: scrkbase 2013/12/19 v3.12 KOMA-Script package (KOMA-Script-dependent b
asics and keyval usage)

(d:/Program Files/texlive/2014/texmf-dist/tex/latex/koma-script/scrbase.sty
Package: scrbase 2013/12/19 v3.12 KOMA-Script package (KOMA-Script-independent 
basics and keyval usage)

(d:/Program Files/texlive/2014/texmf-dist/tex/latex/graphics/keyval.sty
Package: keyval 2014/05/08 v1.15 key=value parser (DPC)
\KV@toks@=\toks14
)
(d:/Program Files/texlive/2014/texmf-dist/tex/latex/koma-script/scrlfile.sty
Package: scrlfile 2013/12/19 v3.12 KOMA-Script package (loading files)

Package scrlfile, 2013/12/19 v3.12 KOMA-Script package (loading files)
                  Copyright (C) Markus Kohm

))) (d:/Program Files/texlive/2014/texmf-dist/tex/latex/xargs/xargs.sty
Package: xargs 2008/03/22 v1.1  extended macro definitions  (mpg)

(d:/Program Files/texlive/2014/texmf-dist/tex/latex/xkeyval/xkeyval.sty
Package: xkeyval 2014/05/25 v2.7 package option processing (HA)

(d:/Program Files/texlive/2014/texmf-dist/tex/generic/xkeyval/xkeyval.tex
(d:/Program Files/texlive/2014/texmf-dist/tex/generic/xkeyval/xkvutils.tex
\XKV@toks=\toks15
\XKV@tempa@toks=\toks16
)
\XKV@depth=\count80
File: xkeyval.tex 2014/05/25 v2.7 key=value parser (HA)
))
\xargs@max=\count81
\xargs@toksa=\toks17
\xargs@toksb=\toks18
)
Package scrbase Info: Unknown processing state.
(scrbase)             Processing option `globalid='
(scrbase)             of member `.sdaps.cls' of family
(scrbase)             `SDAPS' doesn't set
(scrbase)             a valid state. This will be interpreted
(scrbase)             as \FamilyKeyStateProcessed on input line 149.

(d:/Program Files/texlive/2014/texmf-dist/tex/latex/koma-script/scrartcl.cls
Document Class: scrartcl 2013/12/19 v3.12 KOMA-Script document class (article)
(d:/Program Files/texlive/2014/texmf-dist/tex/latex/koma-script/tocbasic.sty
Package: tocbasic 2013/12/19 v3.12 KOMA-Script package (handling toc-files)
)
Package tocbasic Info: omitting babel extension for `toc'
(tocbasic)             because of feature `nobabel' available
(tocbasic)             for `toc' on input line 115.
Package tocbasic Info: omitting babel extension for `lof'
(tocbasic)             because of feature `nobabel' available
(tocbasic)             for `lof' on input line 116.
Package tocbasic Info: omitting babel extension for `lot'
(tocbasic)             because of feature `nobabel' available
(tocbasic)             for `lot' on input line 117.
Package scrbase Info: Unknown processing state.
(scrbase)             Processing option `twoside'
(scrbase)             of member `.scrartcl.cls' of family
(scrbase)             `KOMA' doesn't set
(scrbase)             a valid state. This will be interpreted
(scrbase)             as \FamilyKeyStateProcessed on input line 1150.
Class scrartcl Info: You've used standard option `oneside'.
(scrartcl)           This is correct!
(scrartcl)           Internally I'm using `twoside=false'.
(scrartcl)           If you'd like to set the option with \KOMAoptions,
(scrartcl)           you'd have to use `twoside=false' there
(scrartcl)           instead of `oneside', too.
Package scrbase Info: Unknown processing state.
(scrbase)             Processing option `twoside=false'
(scrbase)             of member `.scrartcl.cls'
(scrbase)             of family `KOMA'
(scrbase)             doesn't set a valid state.
(scrbase)             This will be interpreted
(scrbase)             as \FamilyKeyStateProcessed on input line 1150.
Class scrartcl Info: File `scrsize11pt.clo' used instead of
(scrartcl)           file `scrsize11.clo' to setup font sizes on input line 153
1.

(d:/Program Files/texlive/2014/texmf-dist/tex/latex/koma-script/scrsize11pt.clo
File: scrsize11pt.clo 2013/12/19 v3.12 KOMA-Script font size class option (11pt
)
) (d:/Program Files/texlive/2014/texmf-dist/tex/latex/koma-script/typearea.sty
Package: typearea 2013/12/19 v3.12 KOMA-Script package (type area)

Package typearea, 2013/12/19 v3.12 KOMA-Script package (type area)
                  Copyright (C) Frank Neukam, 1992-1994
                  Copyright (C) Markus Kohm, 1994-

\ta@bcor=\skip41
\ta@div=\count82
Package typearea Info: You've used standard option `oneside'.
(typearea)             This is correct!
(typearea)             Internally I'm using `twoside=false'.
(typearea)             If you'd like to set the option with \KOMAoptions,
(typearea)             you'd have to use `twoside=false' there
(typearea)             instead of `oneside', too.
\ta@hblk=\skip42
\ta@vblk=\skip43
\ta@temp=\skip44
\footheight=\skip45
Package typearea Info: These are the values describing the layout:
(typearea)             DIV  = 10
(typearea)             BCOR = 0.0pt
(typearea)             \paperwidth      = 597.50793pt
(typearea)              \textwidth      = 418.25555pt
(typearea)              DIV departure   = -6%
(typearea)              \evensidemargin = 17.3562pt
(typearea)              \oddsidemargin  = 17.3562pt
(typearea)             \paperheight     = 845.04694pt
(typearea)              \textheight     = 595.80026pt
(typearea)              \topmargin      = -25.16531pt
(typearea)              \headheight     = 17.0pt
(typearea)              \headsep        = 20.40001pt
(typearea)              \topskip        = 11.0pt
(typearea)              \footskip       = 47.6pt
(typearea)              \baselineskip   = 13.6pt
(typearea)              on input line 1330.
)
\c@part=\count83
\c@section=\count84
\c@subsection=\count85
\c@subsubsection=\count86
\c@paragraph=\count87
\c@subparagraph=\count88
\abovecaptionskip=\skip46
\belowcaptionskip=\skip47
\c@pti@nb@sid@b@x=\box26
\c@figure=\count89
\c@table=\count90
\bibindent=\dimen102
) (d:/Program Files/texlive/2014/texmf-dist/tex/latex/geometry/geometry.sty
Package: geometry 2010/09/12 v5.6 Page Geometry

(d:/Program Files/texlive/2014/texmf-dist/tex/generic/oberdiek/ifpdf.sty
Package: ifpdf 2011/01/30 v2.3 Provides the ifpdf switch (HO)
Package ifpdf Info: pdfTeX in PDF mode is not detected.
)
(d:/Program Files/texlive/2014/texmf-dist/tex/generic/oberdiek/ifvtex.sty
Package: ifvtex 2010/03/01 v1.5 Detect VTeX and its facilities (HO)
Package ifvtex Info: VTeX not detected.
)
(d:/Program Files/texlive/2014/texmf-dist/tex/generic/ifxetex/ifxetex.sty
Package: ifxetex 2010/09/12 v0.6 Provides ifxetex conditional
)
\Gm@cnth=\count91
\Gm@cntv=\count92
\c@Gm@tempcnt=\count93
\Gm@bindingoffset=\dimen103
\Gm@wd@mp=\dimen104
\Gm@odd@mp=\dimen105
\Gm@even@mp=\dimen106
\Gm@layoutwidth=\dimen107
\Gm@layoutheight=\dimen108
\Gm@layouthoffset=\dimen109
\Gm@layoutvoffset=\dimen110
\Gm@dimlist=\toks19
)
(d:/Program Files/texlive/2014/texmf-dist/tex/latex/base/ifthen.sty
Package: ifthen 2001/05/26 v1.1c Standard LaTeX ifthen package (DPC)
)
(d:/Program Files/texlive/2014/texmf-dist/tex/latex/base/fontenc.sty
Package: fontenc 2005/09/27 v1.99g Standard LaTeX package

(d:/Program Files/texlive/2014/texmf-dist/tex/latex/base/t1enc.def
File: t1enc.def 2005/09/27 v1.99g Standard LaTeX file
LaTeX Font Info:    Redeclaring font encoding T1 on input line 43.
))
(d:/Program Files/texlive/2014/texmf-dist/tex/latex/graphics/color.sty
Package: color 2014/04/23 v1.1a Standard LaTeX Color (DPC)

(d:/Program Files/texlive/2014/texmf-dist/tex/latex/latexconfig/color.cfg
File: color.cfg 2007/01/18 v1.5 color configuration of teTeX/TeXLive
)
Package color Info: Driver file: xetex.def on input line 137.

(d:/Program Files/texlive/2014/texmf-dist/tex/xelatex/xetex-def/xetex.def
File: xetex.def 2014/07/25 v4.03 LaTeX color/graphics driver for XeTeX (RRM/JK)

))
(d:/Program Files/texlive/2014/texmf-dist/tex/latex/amsfonts/amssymb.sty
Package: amssymb 2013/01/14 v3.01 AMS font symbols

(d:/Program Files/texlive/2014/texmf-dist/tex/latex/amsfonts/amsfonts.sty
Package: amsfonts 2013/01/14 v3.01 Basic AMSFonts support
\@emptytoks=\toks20
\symAMSa=\mathgroup4
\symAMSb=\mathgroup5
LaTeX Font Info:    Overwriting math alphabet `\mathfrak' in version `bold'
(Font)                  U/euf/m/n --> U/euf/b/n on input line 106.
))
(d:/Program Files/texlive/2014/texmf-dist/tex/latex/oberdiek/refcount.sty
Package: refcount 2011/10/16 v3.4 Data extraction from label references (HO)

(d:/Program Files/texlive/2014/texmf-dist/tex/generic/oberdiek/ltxcmds.sty
Package: ltxcmds 2011/11/09 v1.22 LaTeX kernel commands for general use (HO)
)
(d:/Program Files/texlive/2014/texmf-dist/tex/generic/oberdiek/infwarerr.sty
Package: infwarerr 2010/04/08 v1.3 Providing info/warning/error messages (HO)
))
(d:/Program Files/texlive/2014/texmf-dist/tex/latex/lastpage/lastpage.sty
Package: lastpage 2013/01/28 v1.2l Refers to last page's name (HMM; JPG)
)
(d:/Program Files/texlive/2014/texmf-dist/tex/latex/environ/environ.sty
Package: environ 2014/05/04 v0.3 A new way to define environments

(d:/Program Files/texlive/2014/texmf-dist/tex/latex/trimspaces/trimspaces.sty
Package: trimspaces 2009/09/17 v1.1 Trim spaces around a token list
)
\@envbody=\toks21
) (d:/Program Files/texlive/2014/texmf-dist/tex/latex/koma-script/scrpage2.sty
Package: scrpage2 2013/12/19 v3.12 KOMA-Script package (page head and foot)
LaTeX Info: Redefining \pagemark on input line 174.
)
(d:/Program Files/texlive/2014/texmf-dist/tex/latex/url/url.sty
\Urlmuskip=\muskip10
Package: url 2013/09/16  ver 3.4  Verb mode for urls, etc.
)
(d:/Program Files/texlive/2014/texmf-dist/tex/latex/hyperref/hyperref.sty
Package: hyperref 2012/11/06 v6.83m Hypertext links for LaTeX

(d:/Program Files/texlive/2014/texmf-dist/tex/generic/oberdiek/hobsub-hyperref.
sty
Package: hobsub-hyperref 2012/05/28 v1.13 Bundle oberdiek, subset hyperref (HO)


(d:/Program Files/texlive/2014/texmf-dist/tex/generic/oberdiek/hobsub-generic.s
ty
Package: hobsub-generic 2012/05/28 v1.13 Bundle oberdiek, subset generic (HO)
Package: hobsub 2012/05/28 v1.13 Construct package bundles (HO)
Package hobsub Info: Skipping package `infwarerr' (already loaded).
Package hobsub Info: Skipping package `ltxcmds' (already loaded).
Package: ifluatex 2010/03/01 v1.3 Provides the ifluatex switch (HO)
Package ifluatex Info: LuaTeX not detected.
Package hobsub Info: Skipping package `ifvtex' (already loaded).
Package: intcalc 2007/09/27 v1.1 Expandable calculations with integers (HO)
Package hobsub Info: Skipping package `ifpdf' (already loaded).
Package: etexcmds 2011/02/16 v1.5 Avoid name clashes with e-TeX commands (HO)
Package etexcmds Info: Could not find \expanded.
(etexcmds)             That can mean that you are not using pdfTeX 1.50 or
(etexcmds)             that some package has redefined \expanded.
(etexcmds)             In the latter case, load this package earlier.
Package: kvsetkeys 2012/04/25 v1.16 Key value parser (HO)
Package: kvdefinekeys 2011/04/07 v1.3 Define keys (HO)
Package: pdftexcmds 2011/11/29 v0.20 Utility functions of pdfTeX for LuaTeX (HO
)
Package pdftexcmds Info: LuaTeX not detected.
Package pdftexcmds Info: pdfTeX >= 1.30 not detected.
Package pdftexcmds Info: \pdf@primitive is available.
Package pdftexcmds Info: \pdf@ifprimitive is available.
Package pdftexcmds Info: \pdfdraftmode not found.
Package: pdfescape 2011/11/25 v1.13 Implements pdfTeX's escape features (HO)
Package: bigintcalc 2012/04/08 v1.3 Expandable calculations on big integers (HO
)
Package: bitset 2011/01/30 v1.1 Handle bit-vector datatype (HO)
Package: uniquecounter 2011/01/30 v1.2 Provide unlimited unique counter (HO)
)
Package hobsub Info: Skipping package `hobsub' (already loaded).
Package: letltxmacro 2010/09/02 v1.4 Let assignment for LaTeX macros (HO)
Package: hopatch 2012/05/28 v1.2 Wrapper for package hooks (HO)
Package: xcolor-patch 2011/01/30 xcolor patch
Package: atveryend 2011/06/30 v1.8 Hooks at the very end of document (HO)
Package atveryend Info: \enddocument detected (standard20110627).
Package: atbegshi 2011/10/05 v1.16 At begin shipout hook (HO)
Package hobsub Info: Skipping package `refcount' (already loaded).
Package: hycolor 2011/01/30 v1.7 Color options for hyperref/bookmark (HO)
) (d:/Program Files/texlive/2014/texmf-dist/tex/latex/oberdiek/auxhook.sty
Package: auxhook 2011/03/04 v1.3 Hooks for auxiliary files (HO)
)
(d:/Program Files/texlive/2014/texmf-dist/tex/latex/oberdiek/kvoptions.sty
Package: kvoptions 2011/06/30 v3.11 Key value format for package options (HO)
)
\@linkdim=\dimen111
\Hy@linkcounter=\count94
\Hy@pagecounter=\count95

(d:/Program Files/texlive/2014/texmf-dist/tex/latex/hyperref/pd1enc.def
File: pd1enc.def 2012/11/06 v6.83m Hyperref: PDFDocEncoding definition (HO)
)
\Hy@SavedSpaceFactor=\count96

(d:/Program Files/texlive/2014/texmf-dist/tex/latex/latexconfig/hyperref.cfg
File: hyperref.cfg 2002/06/06 v1.2 hyperref configuration of TeXLive
)
Package hyperref Info: Hyper figures OFF on input line 4443.
Package hyperref Info: Link nesting OFF on input line 4448.
Package hyperref Info: Hyper index ON on input line 4451.
Package hyperref Info: Plain pages OFF on input line 4458.
Package hyperref Info: Backreferencing OFF on input line 4463.
Package hyperref Info: Implicit mode ON; LaTeX internals redefined.
Package hyperref Info: Bookmarks ON on input line 4688.
\c@Hy@tempcnt=\count97
LaTeX Info: Redefining \url on input line 5041.
\XeTeXLinkMargin=\dimen112
\Fld@menulength=\count98
\Field@Width=\dimen113
\Fld@charsize=\dimen114
Package hyperref Info: Hyper figures OFF on input line 6295.
Package hyperref Info: Link nesting OFF on input line 6300.
Package hyperref Info: Hyper index ON on input line 6303.
Package hyperref Info: backreferencing OFF on input line 6310.
Package hyperref Info: Link coloring OFF on input line 6315.
Package hyperref Info: Link coloring with OCG OFF on input line 6320.
Package hyperref Info: PDF/A mode OFF on input line 6325.
LaTeX Info: Redefining \ref on input line 6365.
LaTeX Info: Redefining \pageref on input line 6369.
\Hy@abspage=\count99
\c@Item=\count100
\c@Hfootnote=\count101
)

Package hyperref Message: Driver (autodetected): hxetex.

(d:/Program Files/texlive/2014/texmf-dist/tex/latex/hyperref/hxetex.def
File: hxetex.def 2012/11/06 v6.83m Hyperref driver for XeTeX

(d:/Program Files/texlive/2014/texmf-dist/tex/latex/hyperref/puenc.def
File: puenc.def 2012/11/06 v6.83m Hyperref: PDF Unicode definition (HO)
)
(d:/Program Files/texlive/2014/texmf-dist/tex/generic/oberdiek/stringenc.sty
Package: stringenc 2011/12/02 v1.10 Convert strings between diff. encodings (HO
)
)
\pdfm@box=\box27
\c@Hy@AnnotLevel=\count102
\HyField@AnnotCount=\count103
\Fld@listcount=\count104
\c@bookmark@seq@number=\count105

(d:/Program Files/texlive/2014/texmf-dist/tex/latex/oberdiek/rerunfilecheck.sty
Package: rerunfilecheck 2011/04/15 v1.7 Rerun checks for auxiliary files (HO)
Package rerunfilecheck Info: Feature \pdfmdfivesum is not available
(rerunfilecheck)             (e.g. pdfTeX or LuaTeX with package `pdftexcmds').

(rerunfilecheck)             Therefore file contents cannot be checked efficien
tly
(rerunfilecheck)             and the loading of the package is aborted.
)
\Hy@SectionHShift=\skip48
)
Package hyperref Info: Option `breaklinks' set `true' on input line 205.

(d:/Program Files/texlive/2014/texmf-dist/tex/generic/oberdiek/se-ascii-print.d
ef
File: se-ascii-print.def 2011/12/02 v1.10 stringenc: Printable ASCII characters

)

Package hyperref Warning: pdfproducer: xdvipdfmx will use its own setting
(hyperref)                instead of the value given on input line 205.

(d:/Program Files/texlive/2014/texmf-dist/tex/latex/graphics/graphicx.sty
Package: graphicx 2014/04/25 v1.0g Enhanced LaTeX Graphics (DPC,SPQR)

(d:/Program Files/texlive/2014/texmf-dist/tex/latex/graphics/graphics.sty
Package: graphics 2009/02/05 v1.0o Standard LaTeX Graphics (DPC,SPQR)

(d:/Program Files/texlive/2014/texmf-dist/tex/latex/graphics/trig.sty
Package: trig 1999/03/16 v1.09 sin cos tan (DPC)
)
(d:/Program Files/texlive/2014/texmf-dist/tex/latex/latexconfig/graphics.cfg
File: graphics.cfg 2010/04/23 v1.9 graphics configuration of TeX Live
)
Package graphics Info: Driver file: xetex.def on input line 91.
)
\Gin@req@height=\dimen115
\Gin@req@width=\dimen116
) (d:/Program Files/texlive/2014/texmf-dist/tex/latex/sectsty/sectsty.sty
Package: sectsty 2002/02/25 v2.0.2 Commands to change all sectional heading sty
les
)
(d:/Program Files/texlive/2014/texmf-dist/tex/latex/tools/tabularx.sty
Package: tabularx 2014/05/13 v2.10 `tabularx' package (DPC)

(d:/Program Files/texlive/2014/texmf-dist/tex/latex/tools/array.sty
Package: array 2008/09/09 v2.4c Tabular extension package (FMi)
\col@sep=\dimen117
\extrarowheight=\dimen118
\NC@list=\toks22
\extratabsurround=\skip49
\backup@length=\skip50
)
\TX@col@width=\dimen119
\TX@old@table=\dimen120
\TX@old@col=\dimen121
\TX@target=\dimen122
\TX@delta=\dimen123
\TX@cols=\count106
\TX@ftn=\toks23
)
(d:/Program Files/texlive/2014/texmf-dist/tex/generic/babel/babel.sty
Package: babel 2014/03/24 3.9k The Babel package

(d:/Program Files/texlive/2014/texmf-dist/tex/generic/babel-english/english.ldf
Language: english 2012/08/20 v3.3p English support from the babel system
(d:/Program Files/texlive/2014/texmf-dist/tex/generic/babel/babel.def
File: babel.def 2014/03/24 3.9k Babel common definitions
\babel@savecnt=\count107
\U@D=\dimen124

(d:/Program Files/texlive/2014/texmf-dist/tex/generic/babel/xebabel.def))
\l@british = a dialect from \language\l@english 
\l@UKenglish = a dialect from \language\l@english 
\l@canadian = a dialect from \language\l@american 
\l@australian = a dialect from \language\l@british 
\l@newzealand = a dialect from \language\l@british 
))
(d:/Program Files/texlive/2014/texmf-dist/tex/latex/beamer/translator/translato
r.sty
Package: translator 2010/06/12 ver 1.10

(d:/Program Files/texlive/2014/texmf-dist/tex/latex/beamer/translator/translato
r-language-mappings.tex))
(d:/Program Files/texlive/2014/texmf-dist/tex/latex/pgf/frontendlayer/tikz.sty
(d:/Program Files/texlive/2014/texmf-dist/tex/latex/pgf/basiclayer/pgf.sty
(d:/Program Files/texlive/2014/texmf-dist/tex/latex/pgf/utilities/pgfrcs.sty
(d:/Program Files/texlive/2014/texmf-dist/tex/generic/pgf/utilities/pgfutil-com
mon.tex
\pgfutil@everybye=\toks24
\pgfutil@tempdima=\dimen125
\pgfutil@tempdimb=\dimen126

(d:/Program Files/texlive/2014/texmf-dist/tex/generic/pgf/utilities/pgfutil-com
mon-lists.tex))
(d:/Program Files/texlive/2014/texmf-dist/tex/generic/pgf/utilities/pgfutil-lat
ex.def
\pgfutil@abb=\box28
 (d:/Program Files/texlive/2014/texmf-dist/tex/latex/ms/everyshi.sty
Package: everyshi 2001/05/15 v3.00 EveryShipout Package (MS)
))
(d:/Program Files/texlive/2014/texmf-dist/tex/generic/pgf/utilities/pgfrcs.code
.tex
Package: pgfrcs 2013/12/20 v3.0.0 (rcs-revision 1.28)
))
Package: pgf 2013/12/18 v3.0.0 (rcs-revision 1.14)

(d:/Program Files/texlive/2014/texmf-dist/tex/latex/pgf/basiclayer/pgfcore.sty
(d:/Program Files/texlive/2014/texmf-dist/tex/latex/pgf/systemlayer/pgfsys.sty
(d:/Program Files/texlive/2014/texmf-dist/tex/generic/pgf/systemlayer/pgfsys.co
de.tex
Package: pgfsys 2013/11/30 v3.0.0 (rcs-revision 1.47)

(d:/Program Files/texlive/2014/texmf-dist/tex/generic/pgf/utilities/pgfkeys.cod
e.tex
\pgfkeys@pathtoks=\toks25
\pgfkeys@temptoks=\toks26

(d:/Program Files/texlive/2014/texmf-dist/tex/generic/pgf/utilities/pgfkeysfilt
ered.code.tex
\pgfkeys@tmptoks=\toks27
))
\pgf@x=\dimen127
\pgf@y=\dimen128
\pgf@xa=\dimen129
\pgf@ya=\dimen130
\pgf@xb=\dimen131
\pgf@yb=\dimen132
\pgf@xc=\dimen133
\pgf@yc=\dimen134
\w@pgf@writea=\write3
\r@pgf@reada=\read1
\c@pgf@counta=\count108
\c@pgf@countb=\count109
\c@pgf@countc=\count110
\c@pgf@countd=\count111
\t@pgf@toka=\toks28
\t@pgf@tokb=\toks29
\t@pgf@tokc=\toks30

(d:/Program Files/texlive/2014/texmf-dist/tex/generic/pgf/systemlayer/pgf.cfg
File: pgf.cfg 2008/05/14  (rcs-revision 1.7)
)
Driver file for pgf: pgfsys-xetex.def

(d:/Program Files/texlive/2014/texmf-dist/tex/generic/pgf/systemlayer/pgfsys-xe
tex.def
File: pgfsys-xetex.def 2013/07/16  (rcs-revision 1.9)

(d:/Program Files/texlive/2014/texmf-dist/tex/generic/pgf/systemlayer/pgfsys-dv
ipdfmx.def
File: pgfsys-dvipdfmx.def 2013/08/28  (rcs-revision 1.12)

(d:/Program Files/texlive/2014/texmf-dist/tex/generic/pgf/systemlayer/pgfsys-co
mmon-pdf.def
File: pgfsys-common-pdf.def 2013/10/10  (rcs-revision 1.13)
)
\pgfsys@objnum=\count112
)))
(d:/Program Files/texlive/2014/texmf-dist/tex/generic/pgf/systemlayer/pgfsyssof
tpath.code.tex
File: pgfsyssoftpath.code.tex 2013/09/09  (rcs-revision 1.9)
\pgfsyssoftpath@smallbuffer@items=\count113
\pgfsyssoftpath@bigbuffer@items=\count114
)
(d:/Program Files/texlive/2014/texmf-dist/tex/generic/pgf/systemlayer/pgfsyspro
tocol.code.tex
File: pgfsysprotocol.code.tex 2006/10/16  (rcs-revision 1.4)
))
(d:/Program Files/texlive/2014/texmf-dist/tex/latex/xcolor/xcolor.sty
Package: xcolor 2007/01/21 v2.11 LaTeX color extensions (UK)

(d:/Program Files/texlive/2014/texmf-dist/tex/latex/latexconfig/color.cfg
File: color.cfg 2007/01/18 v1.5 color configuration of teTeX/TeXLive
)
Package xcolor Info: Driver file: xetex.def on input line 225.
LaTeX Info: Redefining \color on input line 702.
Package xcolor Info: Model `cmy' substituted by `cmy0' on input line 1337.
Package xcolor Info: Model `RGB' extended on input line 1353.
Package xcolor Info: Model `HTML' substituted by `rgb' on input line 1355.
Package xcolor Info: Model `Hsb' substituted by `hsb' on input line 1356.
Package xcolor Info: Model `tHsb' substituted by `hsb' on input line 1357.
Package xcolor Info: Model `HSB' substituted by `hsb' on input line 1358.
Package xcolor Info: Model `Gray' substituted by `gray' on input line 1359.
Package xcolor Info: Model `wave' substituted by `hsb' on input line 1360.
)
(d:/Program Files/texlive/2014/texmf-dist/tex/generic/pgf/basiclayer/pgfcore.co
de.tex
Package: pgfcore 2010/04/11 v3.0.0 (rcs-revision 1.7)

(d:/Program Files/texlive/2014/texmf-dist/tex/generic/pgf/math/pgfmath.code.tex

(d:/Program Files/texlive/2014/texmf-dist/tex/generic/pgf/math/pgfmathcalc.code
.tex
(d:/Program Files/texlive/2014/texmf-dist/tex/generic/pgf/math/pgfmathutil.code
.tex)
(d:/Program Files/texlive/2014/texmf-dist/tex/generic/pgf/math/pgfmathparser.co
de.tex
\pgfmath@dimen=\dimen135
\pgfmath@count=\count115
\pgfmath@box=\box29
\pgfmath@toks=\toks31
\pgfmath@stack@operand=\toks32
\pgfmath@stack@operation=\toks33
)
(d:/Program Files/texlive/2014/texmf-dist/tex/generic/pgf/math/pgfmathfunctions
.code.tex
(d:/Program Files/texlive/2014/texmf-dist/tex/generic/pgf/math/pgfmathfunctions
.basic.code.tex)
(d:/Program Files/texlive/2014/texmf-dist/tex/generic/pgf/math/pgfmathfunctions
.trigonometric.code.tex)
(d:/Program Files/texlive/2014/texmf-dist/tex/generic/pgf/math/pgfmathfunctions
.random.code.tex)
(d:/Program Files/texlive/2014/texmf-dist/tex/generic/pgf/math/pgfmathfunctions
.comparison.code.tex)
(d:/Program Files/texlive/2014/texmf-dist/tex/generic/pgf/math/pgfmathfunctions
.base.code.tex)
(d:/Program Files/texlive/2014/texmf-dist/tex/generic/pgf/math/pgfmathfunctions
.round.code.tex)
(d:/Program Files/texlive/2014/texmf-dist/tex/generic/pgf/math/pgfmathfunctions
.misc.code.tex)
(d:/Program Files/texlive/2014/texmf-dist/tex/generic/pgf/math/pgfmathfunctions
.integerarithmetics.code.tex)))
(d:/Program Files/texlive/2014/texmf-dist/tex/generic/pgf/math/pgfmathfloat.cod
e.tex
\c@pgfmathroundto@lastzeros=\count116
))
(d:/Program Files/texlive/2014/texmf-dist/tex/generic/pgf/basiclayer/pgfcorepoi
nts.code.tex
File: pgfcorepoints.code.tex 2013/10/07  (rcs-revision 1.27)
\pgf@picminx=\dimen136
\pgf@picmaxx=\dimen137
\pgf@picminy=\dimen138
\pgf@picmaxy=\dimen139
\pgf@pathminx=\dimen140
\pgf@pathmaxx=\dimen141
\pgf@pathminy=\dimen142
\pgf@pathmaxy=\dimen143
\pgf@xx=\dimen144
\pgf@xy=\dimen145
\pgf@yx=\dimen146
\pgf@yy=\dimen147
\pgf@zx=\dimen148
\pgf@zy=\dimen149
)
(d:/Program Files/texlive/2014/texmf-dist/tex/generic/pgf/basiclayer/pgfcorepat
hconstruct.code.tex
File: pgfcorepathconstruct.code.tex 2013/10/07  (rcs-revision 1.29)
\pgf@path@lastx=\dimen150
\pgf@path@lasty=\dimen151
)
(d:/Program Files/texlive/2014/texmf-dist/tex/generic/pgf/basiclayer/pgfcorepat
husage.code.tex
File: pgfcorepathusage.code.tex 2013/12/13  (rcs-revision 1.23)
\pgf@shorten@end@additional=\dimen152
\pgf@shorten@start@additional=\dimen153
)
(d:/Program Files/texlive/2014/texmf-dist/tex/generic/pgf/basiclayer/pgfcoresco
pes.code.tex
File: pgfcorescopes.code.tex 2013/10/09  (rcs-revision 1.44)
\pgfpic=\box30
\pgf@hbox=\box31
\pgf@layerbox@main=\box32
\pgf@picture@serial@count=\count117
)
(d:/Program Files/texlive/2014/texmf-dist/tex/generic/pgf/basiclayer/pgfcoregra
phicstate.code.tex
File: pgfcoregraphicstate.code.tex 2013/09/19  (rcs-revision 1.11)
\pgflinewidth=\dimen154
)
(d:/Program Files/texlive/2014/texmf-dist/tex/generic/pgf/basiclayer/pgfcoretra
nsformations.code.tex
File: pgfcoretransformations.code.tex 2013/10/10  (rcs-revision 1.17)
\pgf@pt@x=\dimen155
\pgf@pt@y=\dimen156
\pgf@pt@temp=\dimen157
)
(d:/Program Files/texlive/2014/texmf-dist/tex/generic/pgf/basiclayer/pgfcorequi
ck.code.tex
File: pgfcorequick.code.tex 2008/10/09  (rcs-revision 1.3)
)
(d:/Program Files/texlive/2014/texmf-dist/tex/generic/pgf/basiclayer/pgfcoreobj
ects.code.tex
File: pgfcoreobjects.code.tex 2006/10/11  (rcs-revision 1.2)
)
(d:/Program Files/texlive/2014/texmf-dist/tex/generic/pgf/basiclayer/pgfcorepat
hprocessing.code.tex
File: pgfcorepathprocessing.code.tex 2013/09/09  (rcs-revision 1.9)
)
(d:/Program Files/texlive/2014/texmf-dist/tex/generic/pgf/basiclayer/pgfcorearr
ows.code.tex
File: pgfcorearrows.code.tex 2013/11/07  (rcs-revision 1.40)
\pgfarrowsep=\dimen158
)
(d:/Program Files/texlive/2014/texmf-dist/tex/generic/pgf/basiclayer/pgfcoresha
de.code.tex
File: pgfcoreshade.code.tex 2013/07/15  (rcs-revision 1.15)
\pgf@max=\dimen159
\pgf@sys@shading@range@num=\count118
)
(d:/Program Files/texlive/2014/texmf-dist/tex/generic/pgf/basiclayer/pgfcoreima
ge.code.tex
File: pgfcoreimage.code.tex 2013/07/15  (rcs-revision 1.18)

(d:/Program Files/texlive/2014/texmf-dist/tex/generic/pgf/basiclayer/pgfcoreext
ernal.code.tex
File: pgfcoreexternal.code.tex 2013/07/15  (rcs-revision 1.20)
\pgfexternal@startupbox=\box33
))
(d:/Program Files/texlive/2014/texmf-dist/tex/generic/pgf/basiclayer/pgfcorelay
ers.code.tex
File: pgfcorelayers.code.tex 2013/07/18  (rcs-revision 1.7)
)
(d:/Program Files/texlive/2014/texmf-dist/tex/generic/pgf/basiclayer/pgfcoretra
nsparency.code.tex
File: pgfcoretransparency.code.tex 2013/09/30  (rcs-revision 1.5)
)
(d:/Program Files/texlive/2014/texmf-dist/tex/generic/pgf/basiclayer/pgfcorepat
terns.code.tex
File: pgfcorepatterns.code.tex 2013/11/07  (rcs-revision 1.5)
)))
(d:/Program Files/texlive/2014/texmf-dist/tex/generic/pgf/modules/pgfmoduleshap
es.code.tex
File: pgfmoduleshapes.code.tex 2013/10/31  (rcs-revision 1.34)
\pgfnodeparttextbox=\box34
)
(d:/Program Files/texlive/2014/texmf-dist/tex/generic/pgf/modules/pgfmoduleplot
.code.tex
File: pgfmoduleplot.code.tex 2013/07/31  (rcs-revision 1.12)
)
(d:/Program Files/texlive/2014/texmf-dist/tex/latex/pgf/compatibility/pgfcomp-v
ersion-0-65.sty
Package: pgfcomp-version-0-65 2007/07/03 v3.0.0 (rcs-revision 1.7)
\pgf@nodesepstart=\dimen160
\pgf@nodesepend=\dimen161
)
(d:/Program Files/texlive/2014/texmf-dist/tex/latex/pgf/compatibility/pgfcomp-v
ersion-1-18.sty
Package: pgfcomp-version-1-18 2007/07/23 v3.0.0 (rcs-revision 1.1)
))
(d:/Program Files/texlive/2014/texmf-dist/tex/latex/pgf/utilities/pgffor.sty
(d:/Program Files/texlive/2014/texmf-dist/tex/latex/pgf/utilities/pgfkeys.sty
(d:/Program Files/texlive/2014/texmf-dist/tex/generic/pgf/utilities/pgfkeys.cod
e.tex))
(d:/Program Files/texlive/2014/texmf-dist/tex/latex/pgf/math/pgfmath.sty
(d:/Program Files/texlive/2014/texmf-dist/tex/generic/pgf/math/pgfmath.code.tex
))
(d:/Program Files/texlive/2014/texmf-dist/tex/generic/pgf/utilities/pgffor.code
.tex
Package: pgffor 2013/12/13 v3.0.0 (rcs-revision 1.25)

(d:/Program Files/texlive/2014/texmf-dist/tex/generic/pgf/math/pgfmath.code.tex
)
\pgffor@iter=\dimen162
\pgffor@skip=\dimen163
\pgffor@stack=\toks34
\pgffor@toks=\toks35
))
(d:/Program Files/texlive/2014/texmf-dist/tex/generic/pgf/frontendlayer/tikz/ti
kz.code.tex
Package: tikz 2013/12/13 v3.0.0 (rcs-revision 1.142)

(d:/Program Files/texlive/2014/texmf-dist/tex/generic/pgf/libraries/pgflibraryp
lothandlers.code.tex
File: pgflibraryplothandlers.code.tex 2013/08/31 v3.0.0 (rcs-revision 1.20)
\pgf@plot@mark@count=\count119
\pgfplotmarksize=\dimen164
)
\tikz@lastx=\dimen165
\tikz@lasty=\dimen166
\tikz@lastxsaved=\dimen167
\tikz@lastysaved=\dimen168
\tikzleveldistance=\dimen169
\tikzsiblingdistance=\dimen170
\tikz@figbox=\box35
\tikz@figbox@bg=\box36
\tikz@tempbox=\box37
\tikz@tempbox@bg=\box38
\tikztreelevel=\count120
\tikznumberofchildren=\count121
\tikznumberofcurrentchild=\count122
\tikz@fig@count=\count123

(d:/Program Files/texlive/2014/texmf-dist/tex/generic/pgf/modules/pgfmodulematr
ix.code.tex
File: pgfmodulematrix.code.tex 2013/09/17  (rcs-revision 1.8)
\pgfmatrixcurrentrow=\count124
\pgfmatrixcurrentcolumn=\count125
\pgf@matrix@numberofcolumns=\count126
)
\tikz@expandcount=\count127

(d:/Program Files/texlive/2014/texmf-dist/tex/generic/pgf/frontendlayer/tikz/li
braries/tikzlibrarytopaths.code.tex
File: tikzlibrarytopaths.code.tex 2008/06/17 v3.0.0 (rcs-revision 1.2)
)))
(d:/Program Files/texlive/2014/texmf-dist/tex/generic/pgf/frontendlayer/tikz/li
braries/tikzlibrarycalc.code.tex
File: tikzlibrarycalc.code.tex 2013/07/15 v3.0.0 (rcs-revision 1.9)
)
(d:/Program Files/texlive/2014/texmf-dist/tex/generic/pgf/frontendlayer/tikz/li
braries/tikzlibrarypositioning.code.tex
File: tikzlibrarypositioning.code.tex 2008/10/06 v3.0.0 (rcs-revision 1.7)
)
(d:/Program Files/texlive/2014/texmf-dist/tex/generic/pgf/frontendlayer/tikz/li
braries/tikzlibrarydecorations.pathmorphing.code.tex
(d:/Program Files/texlive/2014/texmf-dist/tex/generic/pgf/frontendlayer/tikz/li
braries/tikzlibrarydecorations.code.tex
(d:/Program Files/texlive/2014/texmf-dist/tex/generic/pgf/modules/pgfmoduledeco
rations.code.tex
\pgfdecoratedcompleteddistance=\dimen171
\pgfdecoratedremainingdistance=\dimen172
\pgfdecoratedinputsegmentcompleteddistance=\dimen173
\pgfdecoratedinputsegmentremainingdistance=\dimen174
\pgf@decorate@distancetomove=\dimen175
\pgf@decorate@repeatstate=\count128
\pgfdecorationsegmentamplitude=\dimen176
\pgfdecorationsegmentlength=\dimen177
)
\tikz@lib@dec@box=\box39
)
(d:/Program Files/texlive/2014/texmf-dist/tex/generic/pgf/libraries/decorations
/pgflibrarydecorations.pathmorphing.code.tex)) (./qrcode.sty
Package: qrcode 2014/09/26 v1.0 QR code generation
\c@qr@i=\count129
\c@qr@j=\count130
\qr@a=\count131
\qr@b=\count132
\qr@c=\count133
\qr@for@depth=\count134
\qr@for@maxdepth=\count135
\qr@for@start=\count136
\qr@for@end=\count137
\qr@for@step=\count138
\qr@newforcount=\count139
\qr@newforcount=\count140
\qr@desiredheight=\skip51
\qr@modulesize=\skip52
\qr@minipagewidth=\skip53
\c@maski=\count141
\c@maskj=\count142
\c@totalones=\count143
\c@penaltyi=\count144
\c@penaltyii=\count145
\c@penaltyiii=\count146
\c@penaltyiv=\count147
\c@qr@hexchars=\count148
\qr@newforcount=\count149
\c@qr@divisionsremaining=\count150
) (./code128.tex
**** Macro for barcodes in "Code 128" by (C) Petr Olsak used ****
\X=\dimen178
\bcorr=\dimen179
\workdimen=\dimen180
\barheight=\dimen181
\inputtext=\toks36
\icode=\toks37
\tempnum=\count151
\chnum=\count152
\chtotal=\count153
)
\c@question=\count154
\boxheight=\skip54
\edgeleftmargin=\skip55
\edgerightmargin=\skip56
\edgetopmargin=\skip57
\edgebottommargin=\skip58
\edgelen=\skip59
\elementlinewidth=\skip60
\checkboxsize=\skip61
\boxpaddings=\skip62
\textboxbottompad=\skip63
\cornerboxsize=\skip64
\c@codeboxlength=\count155
\codeboxstep=\skip65
\codeboxheight=\skip66
\barcodeheight=\skip67
\barcodebarwidth=\skip68
\barcodebcorr=\skip69
\barcodehpad=\skip70
\barcodevpad=\skip71
\c@questionnaireid=\count156
\c@surveyidmshw=\count157
\c@surveyidlshw=\count158
\c@choicegroupnumchoices=\count159
\c@checkboxnum=\count160
\c@textboxnum=\count161
\c@markcheckboxcount=\count162
\smallskipamount=\skip72
\medskipamount=\skip73
\bigskipamount=\skip74
\@tempdimfillwidth=\dimen182
\c@choiceitems=\count163
\c@maxchoiceitems=\count164
\@tempdimlower=\dimen183
\@tempdimboxlower=\dimen184
\@tempdimheight=\dimen185
\@tempdimruleheight=\dimen186
\sdapsoutfile=\write4
\openout4 = `document.sdaps'.

)
(d:/Program Files/texlive/2014/texmf-dist/tex/latex/base/inputenc.sty
Package: inputenc 2014/04/30 v1.2b Input encoding file
\inpenc@prehook=\toks38
\inpenc@posthook=\toks39


Package inputenc Warning: inputenc package ignored with utf8 based engines.

) (d:/Program Files/texlive/2014/texmf-dist/tex/latex/tools/multicol.sty
Package: multicol 2014/08/24 v1.8g multicolumn formatting (FMi)
\c@tracingmulticols=\count165
\mult@box=\box40
\multicol@leftmargin=\dimen187
\c@unbalance=\count166
\c@collectmore=\count167
\doublecol@number=\count168
\multicoltolerance=\count169
\multicolpretolerance=\count170
\full@width=\dimen188
\page@free=\dimen189
\premulticols=\dimen190
\postmulticols=\dimen191
\multicolsep=\skip75
\multicolbaselineskip=\skip76
\partial@page=\box41
\last@line=\box42
\maxbalancingoverflow=\dimen192
\mult@rightbox=\box43
\mult@grightbox=\box44
\mult@gfirstbox=\box45
\mult@firstbox=\box46
\@tempa=\box47
\@tempa=\box48
\@tempa=\box49
\@tempa=\box50
\@tempa=\box51
\@tempa=\box52
\@tempa=\box53
\@tempa=\box54
\@tempa=\box55
\@tempa=\box56
\@tempa=\box57
\@tempa=\box58
\@tempa=\box59
\@tempa=\box60
\@tempa=\box61
\@tempa=\box62
\@tempa=\box63
\c@columnbadness=\count171
\c@finalcolumnbadness=\count172
\last@try=\dimen193
\multicolovershoot=\dimen194
\multicolundershoot=\dimen195
\mult@nat@firstbox=\box64
\colbreak@box=\box65
\mc@col@check@num=\count173
)

LaTeX Warning: Unused global option(s):
    [pdf,PrintQuestionnaireId=False].

(./document.aux)
\openout1 = `document.aux'.

LaTeX Font Info:    Checking defaults for OML/cmm/m/it on input line 10.
LaTeX Font Info:    ... okay on input line 10.
LaTeX Font Info:    Checking defaults for T1/cmr/m/n on input line 10.
LaTeX Font Info:    ... okay on input line 10.
LaTeX Font Info:    Checking defaults for OT1/cmr/m/n on input line 10.
LaTeX Font Info:    ... okay on input line 10.
LaTeX Font Info:    Checking defaults for OMS/cmsy/m/n on input line 10.
LaTeX Font Info:    ... okay on input line 10.
LaTeX Font Info:    Checking defaults for OMX/cmex/m/n on input line 10.
LaTeX Font Info:    ... okay on input line 10.
LaTeX Font Info:    Checking defaults for U/cmr/m/n on input line 10.
LaTeX Font Info:    ... okay on input line 10.
LaTeX Font Info:    Checking defaults for PD1/pdf/m/n on input line 10.
LaTeX Font Info:    ... okay on input line 10.
LaTeX Font Info:    Checking defaults for PU/pdf/m/n on input line 10.
LaTeX Font Info:    ... okay on input line 10.

*geometry* driver: auto-detecting
*geometry* detected driver: xetex
*geometry* verbose mode - [ preamble ] result:
* driver: xetex
* paper: <default>
* layout: <same size as paper>
* layoutoffset:(h,v)=(0.0pt,0.0pt)
* modes: 
* h-part:(L,W,R)=(36.98857pt, 523.53079pt, 36.98857pt)
* v-part:(T,H,B)=(71.13188pt, 702.78317pt, 71.13188pt)
* \paperwidth=597.50793pt
* \paperheight=845.04694pt
* \textwidth=523.53079pt
* \textheight=702.78317pt
* \oddsidemargin=-35.28142pt
* \evensidemargin=-35.28142pt
* \topmargin=-38.53812pt
* \headheight=17.0pt
* \headsep=20.40001pt
* \topskip=11.0pt
* \footskip=47.6pt
* \marginparwidth=59.7508pt
* \marginparsep=12.8401pt
* \columnsep=10.0pt
* \skip\footins=10.0pt plus 4.0pt minus 2.0pt
* \hoffset=0.0pt
* \voffset=0.0pt
* \mag=1000
* \@twocolumnfalse
* \@twosidefalse
* \@mparswitchfalse
* \@reversemarginfalse
* (1in=72.27pt=25.4mm, 1cm=28.453pt)

Package lastpage Info: Please have a look at the pageslts package at
(lastpage)             http://www.ctan.org/tex-archive/ 
(lastpage)             macros/latex/contrib/pageslts/ 
(lastpage)             or
(lastpage)             http://www.ctan.org/tex-archive/ 
(lastpage)             install/macros/latex/contrib/pageslts.tds.zip
(lastpage)             ! on input line 10.
\AtBeginShipoutBox=\box66
Package hyperref Info: Link coloring OFF on input line 10.
(d:/Program Files/texlive/2014/texmf-dist/tex/latex/hyperref/nameref.sty
Package: nameref 2012/10/27 v2.43 Cross-referencing by name of section

(d:/Program Files/texlive/2014/texmf-dist/tex/generic/oberdiek/gettitlestring.s
ty
Package: gettitlestring 2010/12/03 v1.4 Cleanup title references (HO)
)
\c@section@level=\count174
)
LaTeX Info: Redefining \ref on input line 10.
LaTeX Info: Redefining \pageref on input line 10.
LaTeX Info: Redefining \nameref on input line 10.
 (./document.out) (./document.out)
\@outlinefile=\write5
\openout5 = `document.out'.

 ABD: EveryShipout initializing macros
LaTeX Font Info:    Try loading font information for T1+cmss on input line 377.


(d:/Program Files/texlive/2014/texmf-dist/tex/latex/base/t1cmss.fd
File: t1cmss.fd 1999/05/25 v2.5h Standard LaTeX font definitions
)
LaTeX Font Info:    Try loading font information for U+msa on input line 377.

(d:/Program Files/texlive/2014/texmf-dist/tex/latex/amsfonts/umsa.fd
File: umsa.fd 2013/01/14 v3.01 AMS symbols A
)
LaTeX Font Info:    Try loading font information for U+msb on input line 377.

(d:/Program Files/texlive/2014/texmf-dist/tex/latex/amsfonts/umsb.fd
File: umsb.fd 2013/01/14 v3.01 AMS symbols B
)

Package hyperref Warning: Token not allowed in a PDF string (Unicode):
(hyperref)                removing `\unhcopy' on input line 377.


Package hyperref Warning: Token not allowed in a PDF string (Unicode):
(hyperref)                removing `\strutbox' on input line 377.


Package hyperref Warning: Token not allowed in a PDF string (Unicode):
(hyperref)                removing `\unhcopy' on input line 377.


Package hyperref Warning: Token not allowed in a PDF string (Unicode):
(hyperref)                removing `\strutbox' on input line 377.


Package hyperref Warning: Token not allowed in a PDF string (Unicode):
(hyperref)                removing `\unhcopy' on input line 377.


Package hyperref Warning: Token not allowed in a PDF string (Unicode):
(hyperref)                removing `\strutbox' on input line 377.


Package hyperref Warning: Token not allowed in a PDF string (Unicode):
(hyperref)                removing `\unhcopy' on input line 377.


Package hyperref Warning: Token not allowed in a PDF string (Unicode):
(hyperref)                removing `\strutbox' on input line 377.


Package hyperref Warning: Token not allowed in a PDF string (Unicode):
(hyperref)                removing `\unhcopy' on input line 377.


Package hyperref Warning: Token not allowed in a PDF string (Unicode):
(hyperref)                removing `\strutbox' on input line 377.


Package hyperref Warning: Token not allowed in a PDF string (Unicode):
(hyperref)                removing `\unhcopy' on input line 377.


Package hyperref Warning: Token not allowed in a PDF string (Unicode):
(hyperref)                removing `\strutbox' on input line 377.


Package hyperref Warning: Token not allowed in a PDF string (Unicode):
(hyperref)                removing `\unhcopy' on input line 377.


Package hyperref Warning: Token not allowed in a PDF string (Unicode):
(hyperref)                removing `\strutbox' on input line 377.


Package hyperref Warning: Token not allowed in a PDF string (Unicode):
(hyperref)                removing `\unhcopy' on input line 377.


Package hyperref Warning: Token not allowed in a PDF string (Unicode):
(hyperref)                removing `\strutbox' on input line 377.


Package hyperref Warning: Token not allowed in a PDF string (Unicode):
(hyperref)                removing `\unhcopy' on input line 377.


Package hyperref Warning: Token not allowed in a PDF string (Unicode):
(hyperref)                removing `\strutbox' on input line 377.


Package hyperref Warning: Token not allowed in a PDF string (Unicode):
(hyperref)                removing `\unhcopy' on input line 377.


Package hyperref Warning: Token not allowed in a PDF string (Unicode):
(hyperref)                removing `\strutbox' on input line 377.


Package hyperref Warning: Token not allowed in a PDF string (Unicode):
(hyperref)                removing `\unhcopy' on input line 377.


Package hyperref Warning: Token not allowed in a PDF string (Unicode):
(hyperref)                removing `\strutbox' on input line 377.


Package hyperref Warning: Token not allowed in a PDF string (Unicode):
(hyperref)                removing `\unhcopy' on input line 377.


Package hyperref Warning: Token not allowed in a PDF string (Unicode):
(hyperref)                removing `\strutbox' on input line 377.


Package hyperref Warning: Token not allowed in a PDF string (Unicode):
(hyperref)                removing `\unhcopy' on input line 377.


Package hyperref Warning: Token not allowed in a PDF string (Unicode):
(hyperref)                removing `\strutbox' on input line 377.


Package hyperref Warning: Token not allowed in a PDF string (Unicode):
(hyperref)                removing `\unhcopy' on input line 377.


Package hyperref Warning: Token not allowed in a PDF string (Unicode):
(hyperref)                removing `\strutbox' on input line 377.


Package hyperref Warning: Token not allowed in a PDF string (Unicode):
(hyperref)                removing `\unhcopy' on input line 377.


Package hyperref Warning: Token not allowed in a PDF string (Unicode):
(hyperref)                removing `\strutbox' on input line 377.


Package hyperref Warning: Token not allowed in a PDF string (Unicode):
(hyperref)                removing `\unhcopy' on input line 377.


Package hyperref Warning: Token not allowed in a PDF string (Unicode):
(hyperref)                removing `\strutbox' on input line 377.


Underfull \hbox (badness 10000) in paragraph at lines 377--377

 []


Package hyperref Warning: Token not allowed in a PDF string (Unicode):
(hyperref)                removing `\unhcopy' on input line 377.


Package hyperref Warning: Token not allowed in a PDF string (Unicode):
(hyperref)                removing `\strutbox' on input line 377.


Package hyperref Warning: Token not allowed in a PDF string (Unicode):
(hyperref)                removing `\unhcopy' on input line 377.


Package hyperref Warning: Token not allowed in a PDF string (Unicode):
(hyperref)                removing `\strutbox' on input line 377.


Package hyperref Warning: Token not allowed in a PDF string (Unicode):
(hyperref)                removing `\unhcopy' on input line 377.


Package hyperref Warning: Token not allowed in a PDF string (Unicode):
(hyperref)                removing `\strutbox' on input line 377.


Package hyperref Warning: Token not allowed in a PDF string (Unicode):
(hyperref)                removing `\unhcopy' on input line 377.


Package hyperref Warning: Token not allowed in a PDF string (Unicode):
(hyperref)                removing `\strutbox' on input line 377.


Package hyperref Warning: Token not allowed in a PDF string (Unicode):
(hyperref)                removing `\unhcopy' on input line 377.


Package hyperref Warning: Token not allowed in a PDF string (Unicode):
(hyperref)                removing `\strutbox' on input line 377.


Package hyperref Warning: Token not allowed in a PDF string (Unicode):
(hyperref)                removing `\unhcopy' on input line 377.


Package hyperref Warning: Token not allowed in a PDF string (Unicode):
(hyperref)                removing `\strutbox' on input line 377.


Package hyperref Warning: Token not allowed in a PDF string (Unicode):
(hyperref)                removing `\unhcopy' on input line 377.


Package hyperref Warning: Token not allowed in a PDF string (Unicode):
(hyperref)                removing `\strutbox' on input line 377.


Package hyperref Warning: Token not allowed in a PDF string (Unicode):
(hyperref)                removing `\unhcopy' on input line 377.


Package hyperref Warning: Token not allowed in a PDF string (Unicode):
(hyperref)                removing `\strutbox' on input line 377.


Package hyperref Warning: Token not allowed in a PDF string (Unicode):
(hyperref)                removing `\unhcopy' on input line 377.


Package hyperref Warning: Token not allowed in a PDF string (Unicode):
(hyperref)                removing `\strutbox' on input line 377.


Package hyperref Warning: Token not allowed in a PDF string (Unicode):
(hyperref)                removing `\unhcopy' on input line 377.


Package hyperref Warning: Token not allowed in a PDF string (Unicode):
(hyperref)                removing `\strutbox' on input line 377.


Package hyperref Warning: Token not allowed in a PDF string (Unicode):
(hyperref)                removing `\unhcopy' on input line 377.


Package hyperref Warning: Token not allowed in a PDF string (Unicode):
(hyperref)                removing `\strutbox' on input line 377.


Package hyperref Warning: Token not allowed in a PDF string (Unicode):
(hyperref)                removing `\unhcopy' on input line 377.


Package hyperref Warning: Token not allowed in a PDF string (Unicode):
(hyperref)                removing `\strutbox' on input line 377.


Package hyperref Warning: Token not allowed in a PDF string (Unicode):
(hyperref)                removing `\unhcopy' on input line 377.


Package hyperref Warning: Token not allowed in a PDF string (Unicode):
(hyperref)                removing `\strutbox' on input line 377.


Package hyperref Warning: Token not allowed in a PDF string (Unicode):
(hyperref)                removing `\unhcopy' on input line 377.


Package hyperref Warning: Token not allowed in a PDF string (Unicode):
(hyperref)                removing `\strutbox' on input line 377.


Package hyperref Warning: Token not allowed in a PDF string (Unicode):
(hyperref)                removing `\unhcopy' on input line 377.


Package hyperref Warning: Token not allowed in a PDF string (Unicode):
(hyperref)                removing `\strutbox' on input line 377.


Package hyperref Warning: Token not allowed in a PDF string (Unicode):
(hyperref)                removing `\unhcopy' on input line 377.


Package hyperref Warning: Token not allowed in a PDF string (Unicode):
(hyperref)                removing `\strutbox' on input line 377.


Package hyperref Warning: Token not allowed in a PDF string (Unicode):
(hyperref)                removing `\unhcopy' on input line 377.


Package hyperref Warning: Token not allowed in a PDF string (Unicode):
(hyperref)                removing `\strutbox' on input line 377.


Package hyperref Warning: Token not allowed in a PDF string (Unicode):
(hyperref)                removing `\unhcopy' on input line 377.


Package hyperref Warning: Token not allowed in a PDF string (Unicode):
(hyperref)                removing `\strutbox' on input line 377.


Package hyperref Warning: Token not allowed in a PDF string (Unicode):
(hyperref)                removing `\unhcopy' on input line 377.


Package hyperref Warning: Token not allowed in a PDF string (Unicode):
(hyperref)                removing `\strutbox' on input line 377.


Package hyperref Warning: Token not allowed in a PDF string (Unicode):
(hyperref)                removing `\unhcopy' on input line 377.


Package hyperref Warning: Token not allowed in a PDF string (Unicode):
(hyperref)                removing `\strutbox' on input line 377.


Package hyperref Warning: Token not allowed in a PDF string (Unicode):
(hyperref)                removing `\unhcopy' on input line 377.


Package hyperref Warning: Token not allowed in a PDF string (Unicode):
(hyperref)                removing `\strutbox' on input line 377.


Package hyperref Warning: Token not allowed in a PDF string (Unicode):
(hyperref)                removing `\unhcopy' on input line 377.


Package hyperref Warning: Token not allowed in a PDF string (Unicode):
(hyperref)                removing `\strutbox' on input line 377.


Underfull \hbox (badness 10000) in paragraph at lines 377--377

 []


Package hyperref Warning: Token not allowed in a PDF string (Unicode):
(hyperref)                removing `\unhcopy' on input line 377.


Package hyperref Warning: Token not allowed in a PDF string (Unicode):
(hyperref)                removing `\strutbox' on input line 377.


Package hyperref Warning: Token not allowed in a PDF string (Unicode):
(hyperref)                removing `\unhcopy' on input line 377.


Package hyperref Warning: Token not allowed in a PDF string (Unicode):
(hyperref)                removing `\strutbox' on input line 377.


Package hyperref Warning: Token not allowed in a PDF string (Unicode):
(hyperref)                removing `\unhcopy' on input line 377.


Package hyperref Warning: Token not allowed in a PDF string (Unicode):
(hyperref)                removing `\strutbox' on input line 377.


Package hyperref Warning: Token not allowed in a PDF string (Unicode):
(hyperref)                removing `\unhcopy' on input line 377.


Package hyperref Warning: Token not allowed in a PDF string (Unicode):
(hyperref)                removing `\strutbox' on input line 377.


Overfull \vbox (10.2pt too high) has occurred while \output is active []

 [1


]

Package hyperref Warning: Token not allowed in a PDF string (Unicode):
(hyperref)                removing `\unhcopy' on input line 377.


Package hyperref Warning: Token not allowed in a PDF string (Unicode):
(hyperref)                removing `\strutbox' on input line 377.


Package hyperref Warning: Token not allowed in a PDF string (Unicode):
(hyperref)                removing `\unhcopy' on input line 377.


Package hyperref Warning: Token not allowed in a PDF string (Unicode):
(hyperref)                removing `\strutbox' on input line 377.


Package hyperref Warning: Token not allowed in a PDF string (Unicode):
(hyperref)                removing `\unhcopy' on input line 377.


Package hyperref Warning: Token not allowed in a PDF string (Unicode):
(hyperref)                removing `\strutbox' on input line 377.


Package hyperref Warning: Token not allowed in a PDF string (Unicode):
(hyperref)                removing `\unhcopy' on input line 377.


Package hyperref Warning: Token not allowed in a PDF string (Unicode):
(hyperref)                removing `\strutbox' on input line 377.


Package hyperref Warning: Token not allowed in a PDF string (Unicode):
(hyperref)                removing `\unhcopy' on input line 377.


Package hyperref Warning: Token not allowed in a PDF string (Unicode):
(hyperref)                removing `\strutbox' on input line 377.


Package hyperref Warning: Token not allowed in a PDF string (Unicode):
(hyperref)                removing `\unhcopy' on input line 377.


Package hyperref Warning: Token not allowed in a PDF string (Unicode):
(hyperref)                removing `\strutbox' on input line 377.


Package hyperref Warning: Token not allowed in a PDF string (Unicode):
(hyperref)                removing `\unhcopy' on input line 377.


Package hyperref Warning: Token not allowed in a PDF string (Unicode):
(hyperref)                removing `\strutbox' on input line 377.


Package hyperref Warning: Token not allowed in a PDF string (Unicode):
(hyperref)                removing `\unhcopy' on input line 377.


Package hyperref Warning: Token not allowed in a PDF string (Unicode):
(hyperref)                removing `\strutbox' on input line 377.


Package hyperref Warning: Token not allowed in a PDF string (Unicode):
(hyperref)                removing `\unhcopy' on input line 377.


Package hyperref Warning: Token not allowed in a PDF string (Unicode):
(hyperref)                removing `\strutbox' on input line 377.


Package hyperref Warning: Token not allowed in a PDF string (Unicode):
(hyperref)                removing `\unhcopy' on input line 377.


Package hyperref Warning: Token not allowed in a PDF string (Unicode):
(hyperref)                removing `\strutbox' on input line 377.


Package hyperref Warning: Token not allowed in a PDF string (Unicode):
(hyperref)                removing `\unhcopy' on input line 377.


Package hyperref Warning: Token not allowed in a PDF string (Unicode):
(hyperref)                removing `\strutbox' on input line 377.


Package hyperref Warning: Token not allowed in a PDF string (Unicode):
(hyperref)                removing `\unhcopy' on input line 377.


Package hyperref Warning: Token not allowed in a PDF string (Unicode):
(hyperref)                removing `\strutbox' on input line 377.


Package hyperref Warning: Token not allowed in a PDF string (Unicode):
(hyperref)                removing `\unhcopy' on input line 377.


Package hyperref Warning: Token not allowed in a PDF string (Unicode):
(hyperref)                removing `\strutbox' on input line 377.


Package hyperref Warning: Token not allowed in a PDF string (Unicode):
(hyperref)                removing `\unhcopy' on input line 377.


Package hyperref Warning: Token not allowed in a PDF string (Unicode):
(hyperref)                removing `\strutbox' on input line 377.


Package hyperref Warning: Token not allowed in a PDF string (Unicode):
(hyperref)                removing `\unhcopy' on input line 377.


Package hyperref Warning: Token not allowed in a PDF string (Unicode):
(hyperref)                removing `\strutbox' on input line 377.


Package hyperref Warning: Token not allowed in a PDF string (Unicode):
(hyperref)                removing `\unhcopy' on input line 377.


Package hyperref Warning: Token not allowed in a PDF string (Unicode):
(hyperref)                removing `\strutbox' on input line 377.


Package hyperref Warning: Token not allowed in a PDF string (Unicode):
(hyperref)                removing `\unhcopy' on input line 377.


Package hyperref Warning: Token not allowed in a PDF string (Unicode):
(hyperref)                removing `\strutbox' on input line 377.


Package hyperref Warning: Token not allowed in a PDF string (Unicode):
(hyperref)                removing `\unhcopy' on input line 377.


Package hyperref Warning: Token not allowed in a PDF string (Unicode):
(hyperref)                removing `\strutbox' on input line 377.


Package hyperref Warning: Token not allowed in a PDF string (Unicode):
(hyperref)                removing `\unhcopy' on input line 377.


Package hyperref Warning: Token not allowed in a PDF string (Unicode):
(hyperref)                removing `\strutbox' on input line 377.


Package hyperref Warning: Token not allowed in a PDF string (Unicode):
(hyperref)                removing `\unhcopy' on input line 377.


Package hyperref Warning: Token not allowed in a PDF string (Unicode):
(hyperref)                removing `\strutbox' on input line 377.


Package hyperref Warning: Token not allowed in a PDF string (Unicode):
(hyperref)                removing `\unhcopy' on input line 377.


Package hyperref Warning: Token not allowed in a PDF string (Unicode):
(hyperref)                removing `\strutbox' on input line 377.


Package hyperref Warning: Token not allowed in a PDF string (Unicode):
(hyperref)                removing `\unhcopy' on input line 377.


Package hyperref Warning: Token not allowed in a PDF string (Unicode):
(hyperref)                removing `\strutbox' on input line 377.


Package hyperref Warning: Token not allowed in a PDF string (Unicode):
(hyperref)                removing `\unhcopy' on input line 377.


Package hyperref Warning: Token not allowed in a PDF string (Unicode):
(hyperref)                removing `\strutbox' on input line 377.


Package hyperref Warning: Token not allowed in a PDF string (Unicode):
(hyperref)                removing `\unhcopy' on input line 377.


Package hyperref Warning: Token not allowed in a PDF string (Unicode):
(hyperref)                removing `\strutbox' on input line 377.


Package hyperref Warning: Token not allowed in a PDF string (Unicode):
(hyperref)                removing `\unhcopy' on input line 377.


Package hyperref Warning: Token not allowed in a PDF string (Unicode):
(hyperref)                removing `\strutbox' on input line 377.


Package hyperref Warning: Token not allowed in a PDF string (Unicode):
(hyperref)                removing `\unhcopy' on input line 377.


Package hyperref Warning: Token not allowed in a PDF string (Unicode):
(hyperref)                removing `\strutbox' on input line 377.


Package hyperref Warning: Token not allowed in a PDF string (Unicode):
(hyperref)                removing `\unhcopy' on input line 377.


Package hyperref Warning: Token not allowed in a PDF string (Unicode):
(hyperref)                removing `\strutbox' on input line 377.


Package hyperref Warning: Token not allowed in a PDF string (Unicode):
(hyperref)                removing `\unhcopy' on input line 377.


Package hyperref Warning: Token not allowed in a PDF string (Unicode):
(hyperref)                removing `\strutbox' on input line 377.


Package hyperref Warning: Token not allowed in a PDF string (Unicode):
(hyperref)                removing `\unhcopy' on input line 377.


Package hyperref Warning: Token not allowed in a PDF string (Unicode):
(hyperref)                removing `\strutbox' on input line 377.


Package hyperref Warning: Token not allowed in a PDF string (Unicode):
(hyperref)                removing `\unhcopy' on input line 377.


Package hyperref Warning: Token not allowed in a PDF string (Unicode):
(hyperref)                removing `\strutbox' on input line 377.


Package hyperref Warning: Token not allowed in a PDF string (Unicode):
(hyperref)                removing `\unhcopy' on input line 377.


Package hyperref Warning: Token not allowed in a PDF string (Unicode):
(hyperref)                removing `\strutbox' on input line 377.


Package hyperref Warning: Token not allowed in a PDF string (Unicode):
(hyperref)                removing `\unhcopy' on input line 377.


Package hyperref Warning: Token not allowed in a PDF string (Unicode):
(hyperref)                removing `\strutbox' on input line 377.


Package hyperref Warning: Token not allowed in a PDF string (Unicode):
(hyperref)                removing `\unhcopy' on input line 377.


Package hyperref Warning: Token not allowed in a PDF string (Unicode):
(hyperref)                removing `\strutbox' on input line 377.


Package hyperref Warning: Token not allowed in a PDF string (Unicode):
(hyperref)                removing `\unhcopy' on input line 377.


Package hyperref Warning: Token not allowed in a PDF string (Unicode):
(hyperref)                removing `\strutbox' on input line 377.


Package hyperref Warning: Token not allowed in a PDF string (Unicode):
(hyperref)                removing `\unhcopy' on input line 377.


Package hyperref Warning: Token not allowed in a PDF string (Unicode):
(hyperref)                removing `\strutbox' on input line 377.


Package hyperref Warning: Token not allowed in a PDF string (Unicode):
(hyperref)                removing `\unhcopy' on input line 377.


Package hyperref Warning: Token not allowed in a PDF string (Unicode):
(hyperref)                removing `\strutbox' on input line 377.


Package hyperref Warning: Token not allowed in a PDF string (Unicode):
(hyperref)                removing `\unhcopy' on input line 377.


Package hyperref Warning: Token not allowed in a PDF string (Unicode):
(hyperref)                removing `\strutbox' on input line 377.


Package hyperref Warning: Token not allowed in a PDF string (Unicode):
(hyperref)                removing `\unhcopy' on input line 377.


Package hyperref Warning: Token not allowed in a PDF string (Unicode):
(hyperref)                removing `\strutbox' on input line 377.


Package hyperref Warning: Token not allowed in a PDF string (Unicode):
(hyperref)                removing `\unhcopy' on input line 377.


Package hyperref Warning: Token not allowed in a PDF string (Unicode):
(hyperref)                removing `\strutbox' on input line 377.


Package hyperref Warning: Token not allowed in a PDF string (Unicode):
(hyperref)                removing `\unhcopy' on input line 377.


Package hyperref Warning: Token not allowed in a PDF string (Unicode):
(hyperref)                removing `\strutbox' on input line 377.


Package hyperref Warning: Token not allowed in a PDF string (Unicode):
(hyperref)                removing `\unhcopy' on input line 377.


Package hyperref Warning: Token not allowed in a PDF string (Unicode):
(hyperref)                removing `\strutbox' on input line 377.


Package hyperref Warning: Token not allowed in a PDF string (Unicode):
(hyperref)                removing `\unhcopy' on input line 377.


Package hyperref Warning: Token not allowed in a PDF string (Unicode):
(hyperref)                removing `\strutbox' on input line 377.


Package hyperref Warning: Token not allowed in a PDF string (Unicode):
(hyperref)                removing `\unhcopy' on input line 377.


Package hyperref Warning: Token not allowed in a PDF string (Unicode):
(hyperref)                removing `\strutbox' on input line 377.


Package hyperref Warning: Token not allowed in a PDF string (Unicode):
(hyperref)                removing `\unhcopy' on input line 377.


Package hyperref Warning: Token not allowed in a PDF string (Unicode):
(hyperref)                removing `\strutbox' on input line 377.


Underfull \hbox (badness 10000) in paragraph at lines 377--377

 []


Package hyperref Warning: Token not allowed in a PDF string (Unicode):
(hyperref)                removing `\unhcopy' on input line 377.


Package hyperref Warning: Token not allowed in a PDF string (Unicode):
(hyperref)                removing `\strutbox' on input line 377.


Package hyperref Warning: Token not allowed in a PDF string (Unicode):
(hyperref)                removing `\unhcopy' on input line 377.


Package hyperref Warning: Token not allowed in a PDF string (Unicode):
(hyperref)                removing `\strutbox' on input line 377.


Package hyperref Warning: Token not allowed in a PDF string (Unicode):
(hyperref)                removing `\unhcopy' on input line 377.


Package hyperref Warning: Token not allowed in a PDF string (Unicode):
(hyperref)                removing `\strutbox' on input line 377.


Package hyperref Warning: Token not allowed in a PDF string (Unicode):
(hyperref)                removing `\unhcopy' on input line 377.


Package hyperref Warning: Token not allowed in a PDF string (Unicode):
(hyperref)                removing `\strutbox' on input line 377.


Package hyperref Warning: Token not allowed in a PDF string (Unicode):
(hyperref)                removing `\unhcopy' on input line 377.


Package hyperref Warning: Token not allowed in a PDF string (Unicode):
(hyperref)                removing `\strutbox' on input line 377.


Package hyperref Warning: Token not allowed in a PDF string (Unicode):
(hyperref)                removing `\unhcopy' on input line 377.


Package hyperref Warning: Token not allowed in a PDF string (Unicode):
(hyperref)                removing `\strutbox' on input line 377.


Overfull \vbox (10.2pt too high) has occurred while \output is active []

 [2]

Package hyperref Warning: Token not allowed in a PDF string (Unicode):
(hyperref)                removing `\unhcopy' on input line 377.


Package hyperref Warning: Token not allowed in a PDF string (Unicode):
(hyperref)                removing `\strutbox' on input line 377.


Package hyperref Warning: Token not allowed in a PDF string (Unicode):
(hyperref)                removing `\unhcopy' on input line 377.


Package hyperref Warning: Token not allowed in a PDF string (Unicode):
(hyperref)                removing `\strutbox' on input line 377.


Package hyperref Warning: Token not allowed in a PDF string (Unicode):
(hyperref)                removing `\unhcopy' on input line 377.


Package hyperref Warning: Token not allowed in a PDF string (Unicode):
(hyperref)                removing `\strutbox' on input line 377.


Package hyperref Warning: Token not allowed in a PDF string (Unicode):
(hyperref)                removing `\unhcopy' on input line 377.


Package hyperref Warning: Token not allowed in a PDF string (Unicode):
(hyperref)                removing `\strutbox' on input line 377.


Package hyperref Warning: Token not allowed in a PDF string (Unicode):
(hyperref)                removing `\unhcopy' on input line 377.


Package hyperref Warning: Token not allowed in a PDF string (Unicode):
(hyperref)                removing `\strutbox' on input line 377.


Package hyperref Warning: Token not allowed in a PDF string (Unicode):
(hyperref)                removing `\unhcopy' on input line 377.


Package hyperref Warning: Token not allowed in a PDF string (Unicode):
(hyperref)                removing `\strutbox' on input line 377.


Package hyperref Warning: Token not allowed in a PDF string (Unicode):
(hyperref)                removing `\unhcopy' on input line 377.


Package hyperref Warning: Token not allowed in a PDF string (Unicode):
(hyperref)                removing `\strutbox' on input line 377.


Package hyperref Warning: Token not allowed in a PDF string (Unicode):
(hyperref)                removing `\unhcopy' on input line 377.


Package hyperref Warning: Token not allowed in a PDF string (Unicode):
(hyperref)                removing `\strutbox' on input line 377.


Package hyperref Warning: Token not allowed in a PDF string (Unicode):
(hyperref)                removing `\unhcopy' on input line 377.


Package hyperref Warning: Token not allowed in a PDF string (Unicode):
(hyperref)                removing `\strutbox' on input line 377.


Package hyperref Warning: Token not allowed in a PDF string (Unicode):
(hyperref)                removing `\unhcopy' on input line 377.


Package hyperref Warning: Token not allowed in a PDF string (Unicode):
(hyperref)                removing `\strutbox' on input line 377.


Package hyperref Warning: Token not allowed in a PDF string (Unicode):
(hyperref)                removing `\unhcopy' on input line 377.


Package hyperref Warning: Token not allowed in a PDF string (Unicode):
(hyperref)                removing `\strutbox' on input line 377.


Package hyperref Warning: Token not allowed in a PDF string (Unicode):
(hyperref)                removing `\unhcopy' on input line 377.


Package hyperref Warning: Token not allowed in a PDF string (Unicode):
(hyperref)                removing `\strutbox' on input line 377.


Package hyperref Warning: Token not allowed in a PDF string (Unicode):
(hyperref)                removing `\unhcopy' on input line 377.


Package hyperref Warning: Token not allowed in a PDF string (Unicode):
(hyperref)                removing `\strutbox' on input line 377.


Package hyperref Warning: Token not allowed in a PDF string (Unicode):
(hyperref)                removing `\unhcopy' on input line 377.


Package hyperref Warning: Token not allowed in a PDF string (Unicode):
(hyperref)                removing `\strutbox' on input line 377.


Package hyperref Warning: Token not allowed in a PDF string (Unicode):
(hyperref)                removing `\unhcopy' on input line 377.


Package hyperref Warning: Token not allowed in a PDF string (Unicode):
(hyperref)                removing `\strutbox' on input line 377.


Package hyperref Warning: Token not allowed in a PDF string (Unicode):
(hyperref)                removing `\unhcopy' on input line 377.


Package hyperref Warning: Token not allowed in a PDF string (Unicode):
(hyperref)                removing `\strutbox' on input line 377.


Package hyperref Warning: Token not allowed in a PDF string (Unicode):
(hyperref)                removing `\unhcopy' on input line 377.


Package hyperref Warning: Token not allowed in a PDF string (Unicode):
(hyperref)                removing `\strutbox' on input line 377.


Package hyperref Warning: Token not allowed in a PDF string (Unicode):
(hyperref)                removing `\unhcopy' on input line 377.


Package hyperref Warning: Token not allowed in a PDF string (Unicode):
(hyperref)                removing `\strutbox' on input line 377.


Package hyperref Warning: Token not allowed in a PDF string (Unicode):
(hyperref)                removing `\unhcopy' on input line 377.


Package hyperref Warning: Token not allowed in a PDF string (Unicode):
(hyperref)                removing `\strutbox' on input line 377.


Package hyperref Warning: Token not allowed in a PDF string (Unicode):
(hyperref)                removing `\unhcopy' on input line 377.


Package hyperref Warning: Token not allowed in a PDF string (Unicode):
(hyperref)                removing `\strutbox' on input line 377.


Underfull \hbox (badness 10000) in paragraph at lines 377--377

 []


Package hyperref Warning: Token not allowed in a PDF string (Unicode):
(hyperref)                removing `\unhcopy' on input line 377.


Package hyperref Warning: Token not allowed in a PDF string (Unicode):
(hyperref)                removing `\strutbox' on input line 377.


Package hyperref Warning: Token not allowed in a PDF string (Unicode):
(hyperref)                removing `\unhcopy' on input line 377.


Package hyperref Warning: Token not allowed in a PDF string (Unicode):
(hyperref)                removing `\strutbox' on input line 377.


Package hyperref Warning: Token not allowed in a PDF string (Unicode):
(hyperref)                removing `\unhcopy' on input line 377.


Package hyperref Warning: Token not allowed in a PDF string (Unicode):
(hyperref)                removing `\strutbox' on input line 377.


Package hyperref Warning: Token not allowed in a PDF string (Unicode):
(hyperref)                removing `\unhcopy' on input line 377.


Package hyperref Warning: Token not allowed in a PDF string (Unicode):
(hyperref)                removing `\strutbox' on input line 377.


Package hyperref Warning: Token not allowed in a PDF string (Unicode):
(hyperref)                removing `\unhcopy' on input line 377.


Package hyperref Warning: Token not allowed in a PDF string (Unicode):
(hyperref)                removing `\strutbox' on input line 377.


Package hyperref Warning: Token not allowed in a PDF string (Unicode):
(hyperref)                removing `\unhcopy' on input line 377.


Package hyperref Warning: Token not allowed in a PDF string (Unicode):
(hyperref)                removing `\strutbox' on input line 377.


Package hyperref Warning: Token not allowed in a PDF string (Unicode):
(hyperref)                removing `\unhcopy' on input line 377.


Package hyperref Warning: Token not allowed in a PDF string (Unicode):
(hyperref)                removing `\strutbox' on input line 377.


Package hyperref Warning: Token not allowed in a PDF string (Unicode):
(hyperref)                removing `\unhcopy' on input line 377.


Package hyperref Warning: Token not allowed in a PDF string (Unicode):
(hyperref)                removing `\strutbox' on input line 377.


Package hyperref Warning: Token not allowed in a PDF string (Unicode):
(hyperref)                removing `\unhcopy' on input line 377.


Package hyperref Warning: Token not allowed in a PDF string (Unicode):
(hyperref)                removing `\strutbox' on input line 377.


Package hyperref Warning: Token not allowed in a PDF string (Unicode):
(hyperref)                removing `\unhcopy' on input line 377.


Package hyperref Warning: Token not allowed in a PDF string (Unicode):
(hyperref)                removing `\strutbox' on input line 377.


Package hyperref Warning: Token not allowed in a PDF string (Unicode):
(hyperref)                removing `\unhcopy' on input line 377.


Package hyperref Warning: Token not allowed in a PDF string (Unicode):
(hyperref)                removing `\strutbox' on input line 377.


Package hyperref Warning: Token not allowed in a PDF string (Unicode):
(hyperref)                removing `\unhcopy' on input line 377.


Package hyperref Warning: Token not allowed in a PDF string (Unicode):
(hyperref)                removing `\strutbox' on input line 377.


Package hyperref Warning: Token not allowed in a PDF string (Unicode):
(hyperref)                removing `\unhcopy' on input line 377.


Package hyperref Warning: Token not allowed in a PDF string (Unicode):
(hyperref)                removing `\strutbox' on input line 377.


Package hyperref Warning: Token not allowed in a PDF string (Unicode):
(hyperref)                removing `\unhcopy' on input line 377.


Package hyperref Warning: Token not allowed in a PDF string (Unicode):
(hyperref)                removing `\strutbox' on input line 377.


Package hyperref Warning: Token not allowed in a PDF string (Unicode):
(hyperref)                removing `\unhcopy' on input line 377.


Package hyperref Warning: Token not allowed in a PDF string (Unicode):
(hyperref)                removing `\strutbox' on input line 377.


Package hyperref Warning: Token not allowed in a PDF string (Unicode):
(hyperref)                removing `\unhcopy' on input line 377.


Package hyperref Warning: Token not allowed in a PDF string (Unicode):
(hyperref)                removing `\strutbox' on input line 377.


Package hyperref Warning: Token not allowed in a PDF string (Unicode):
(hyperref)                removing `\unhcopy' on input line 377.


Package hyperref Warning: Token not allowed in a PDF string (Unicode):
(hyperref)                removing `\strutbox' on input line 377.


Package hyperref Warning: Token not allowed in a PDF string (Unicode):
(hyperref)                removing `\unhcopy' on input line 377.


Package hyperref Warning: Token not allowed in a PDF string (Unicode):
(hyperref)                removing `\strutbox' on input line 377.


Package hyperref Warning: Token not allowed in a PDF string (Unicode):
(hyperref)                removing `\unhcopy' on input line 377.


Package hyperref Warning: Token not allowed in a PDF string (Unicode):
(hyperref)                removing `\strutbox' on input line 377.


Package hyperref Warning: Token not allowed in a PDF string (Unicode):
(hyperref)                removing `\unhcopy' on input line 377.


Package hyperref Warning: Token not allowed in a PDF string (Unicode):
(hyperref)                removing `\strutbox' on input line 377.


Package hyperref Warning: Token not allowed in a PDF string (Unicode):
(hyperref)                removing `\unhcopy' on input line 377.


Package hyperref Warning: Token not allowed in a PDF string (Unicode):
(hyperref)                removing `\strutbox' on input line 377.


Package hyperref Warning: Token not allowed in a PDF string (Unicode):
(hyperref)                removing `\unhcopy' on input line 377.


Package hyperref Warning: Token not allowed in a PDF string (Unicode):
(hyperref)                removing `\strutbox' on input line 377.


Package hyperref Warning: Token not allowed in a PDF string (Unicode):
(hyperref)                removing `\unhcopy' on input line 377.


Package hyperref Warning: Token not allowed in a PDF string (Unicode):
(hyperref)                removing `\strutbox' on input line 377.


Package hyperref Warning: Token not allowed in a PDF string (Unicode):
(hyperref)                removing `\unhcopy' on input line 377.


Package hyperref Warning: Token not allowed in a PDF string (Unicode):
(hyperref)                removing `\strutbox' on input line 377.


Package hyperref Warning: Token not allowed in a PDF string (Unicode):
(hyperref)                removing `\unhcopy' on input line 377.


Package hyperref Warning: Token not allowed in a PDF string (Unicode):
(hyperref)                removing `\strutbox' on input line 377.


Package hyperref Warning: Token not allowed in a PDF string (Unicode):
(hyperref)                removing `\unhcopy' on input line 377.


Package hyperref Warning: Token not allowed in a PDF string (Unicode):
(hyperref)                removing `\strutbox' on input line 377.


Package hyperref Warning: Token not allowed in a PDF string (Unicode):
(hyperref)                removing `\unhcopy' on input line 377.


Package hyperref Warning: Token not allowed in a PDF string (Unicode):
(hyperref)                removing `\strutbox' on input line 377.


Package hyperref Warning: Token not allowed in a PDF string (Unicode):
(hyperref)                removing `\unhcopy' on input line 377.


Package hyperref Warning: Token not allowed in a PDF string (Unicode):
(hyperref)                removing `\strutbox' on input line 377.


Overfull \vbox (10.2pt too high) has occurred while \output is active []

 [3]
Overfull \vbox (10.2pt too high) has occurred while \output is active []

 [4]

AED: lastpage setting LastPage
Package atveryend Info: Empty hook `BeforeClearDocument' on input line 378.
Package atveryend Info: Empty hook `AfterLastShipout' on input line 378.
(./document.aux)
Package atveryend Info: Empty hook `AtVeryEndDocument' on input line 378.
Package atveryend Info: Empty hook `AtEndAfterFileList' on input line 378.
Package atveryend Info: Empty hook `AtVeryVeryEnd' on input line 378.
 ) 
Here is how much of TeX's memory you used:
 24763 strings out of 495656
 443524 string characters out of 6187192
 609448 words of memory out of 5000000
 27575 multiletter control sequences out of 15000+600000
 16619 words of font info for 51 fonts, out of 8000000 for 9000
 14 hyphenation exceptions out of 8191
 71i,13n,74p,449b,996s stack positions out of 5000i,500n,10000p,200000b,80000s

Output written on document.pdf (4 pages).
